<?xml version="1.0" encoding="UTF-8"?>
<!-- Generated by org.testng.reporters.JUnitReportReporter -->
<testsuite skipped="0" hostname="ISSL415" name="MavenDemoTest.DemoTest1" tests="4" failures="0" timestamp="16 Dec 2019 10:20:38 GMT" time="0.000" errors="0">
  <testcase name="sum" time="0.000" classname="MavenDemoTest.DemoTest1"/>
  <testcase name="div" time="0.000" classname="MavenDemoTest.DemoTest1"/>
  <testcase name="sub" time="0.000" classname="MavenDemoTest.DemoTest1"/>
  <testcase name="multi" time="0.000" classname="MavenDemoTest.DemoTest1"/>
</testsuite> <!-- MavenDemoTest.DemoTest1 -->
