<?xml version="1.0" encoding="UTF-8"?>
<!-- Generated by org.testng.reporters.JUnitReportReporter -->
<testsuite skipped="0" hostname="ISSL415" name="MavenDemoTest.LoginQBEPC" tests="1" failures="0" timestamp="20 Dec 2019 04:49:12 GMT" time="10.971" errors="0">
  <testcase name="login" time="10.971" classname="MavenDemoTest.LoginQBEPC"/>
</testsuite> <!-- MavenDemoTest.LoginQBEPC -->
