<?xml version="1.0" encoding="UTF-8"?>
<!-- Generated by org.testng.reporters.JUnitReportReporter -->
<testsuite skipped="0" hostname="ISSL415" name="MavenDemoTest.DemoTest" tests="4" failures="0" timestamp="16 Dec 2019 10:20:38 GMT" time="0.031" errors="0">
  <testcase name="multi" time="0.000" classname="MavenDemoTest.DemoTest"/>
  <testcase name="sub" time="0.015" classname="MavenDemoTest.DemoTest"/>
  <testcase name="sum" time="0.000" classname="MavenDemoTest.DemoTest"/>
  <testcase name="div" time="0.016" classname="MavenDemoTest.DemoTest"/>
</testsuite> <!-- MavenDemoTest.DemoTest -->
